[0.033s] Invoking command in '/home/mike/Documents/slam/sllidar_ros2/build/sllidar_ros2': CMAKE_PREFIX_PATH=${CMAKE_PREFIX_PATH}:/opt/ros/foxy /usr/bin/cmake --build /home/mike/Documents/slam/sllidar_ros2/build/sllidar_ros2 -- -j4 -l4
[0.095s] [35m[1mScanning dependencies of target sllidar_node[0m
[0.123s] [ 14%] Built target sllidar_client
[0.140s] [ 21%] [32mBuilding CXX object CMakeFiles/sllidar_node.dir/src/sllidar_node.cpp.o[0m
[2.036s] In file included from [01m[K/home/mike/Documents/slam/sllidar_ros2/./sdk/include/sl_lidar_cmd.h:36[m[K,
[2.037s]                  from [01m[K/home/mike/Documents/slam/sllidar_ros2/./sdk/include/sl_lidar_driver.h:54[m[K,
[2.037s]                  from [01m[K/home/mike/Documents/slam/sllidar_ros2/./sdk/include/sl_lidar.h:36[m[K,
[2.037s]                  from [01m[K/home/mike/Documents/slam/sllidar_ros2/src/sllidar_node.cpp:38[m[K:
[2.037s] [01m[K/home/mike/Documents/slam/sllidar_ros2/./sdk/include/sl_lidar_protocol.h:58:16:[m[K [01;35m[Kwarning: [m[KISO C++ forbids zero-size array ‘[01m[Kdata[m[K’ [[01;35m[K-Wpedantic[m[K]
[2.037s]    58 |     sl_u8 data[[01;35m[K0[m[K];
[2.037s]       |                [01;35m[K^[m[K
[2.038s] In file included from [01m[K/home/mike/Documents/slam/sllidar_ros2/./sdk/include/sl_lidar_driver.h:54[m[K,
[2.038s]                  from [01m[K/home/mike/Documents/slam/sllidar_ros2/./sdk/include/sl_lidar.h:36[m[K,
[2.038s]                  from [01m[K/home/mike/Documents/slam/sllidar_ros2/src/sllidar_node.cpp:38[m[K:
[2.039s] [01m[K/home/mike/Documents/slam/sllidar_ros2/./sdk/include/sl_lidar_cmd.h:295:20:[m[K [01;35m[Kwarning: [m[KISO C++ forbids zero-size array ‘[01m[Kpayload[m[K’ [[01;35m[K-Wpedantic[m[K]
[2.039s]   295 |     sl_u8  payload[[01;35m[K0[m[K];
[2.039s]       |                    [01;35m[K^[m[K
[2.061s] [01m[K/home/mike/Documents/slam/sllidar_ros2/src/sllidar_node.cpp:[m[K In member function ‘[01m[Kbool SLlidarNode::getSLLIDARDeviceInfo(sl::ILidarDriver*)[m[K’:
[2.061s] [01m[K/home/mike/Documents/slam/sllidar_ros2/src/sllidar_node.cpp:101:23:[m[K [01;35m[Kwarning: [m[Kvariable ‘[01m[Kop_result[m[K’ set but not used [[01;35m[K-Wunused-but-set-variable[m[K]
[2.061s]   101 |         sl_result     [01;35m[Kop_result[m[K;
[2.061s]       |                       [01;35m[K^~~~~~~~~[m[K
[3.434s] [01m[K/home/mike/Documents/slam/sllidar_ros2/src/sllidar_node.cpp:[m[K In member function ‘[01m[Kbool SLlidarNode::checkSLLIDARHealth(sl::ILidarDriver*)[m[K’:
[3.434s] [01m[K/home/mike/Documents/slam/sllidar_ros2/src/sllidar_node.cpp:147:5:[m[K [01;35m[Kwarning: [m[Kcontrol reaches end of non-void function [[01;35m[K-Wreturn-type[m[K]
[3.434s]   147 |     [01;35m[K}[m[K
[3.435s]       |     [01;35m[K^[m[K
[5.166s] [ 28%] [32m[1mLinking CXX executable sllidar_node[0m
[5.469s] [100%] Built target sllidar_node
[5.485s] Invoked command in '/home/mike/Documents/slam/sllidar_ros2/build/sllidar_ros2' returned '0': CMAKE_PREFIX_PATH=${CMAKE_PREFIX_PATH}:/opt/ros/foxy /usr/bin/cmake --build /home/mike/Documents/slam/sllidar_ros2/build/sllidar_ros2 -- -j4 -l4
[5.554s] Invoking command in '/home/mike/Documents/slam/sllidar_ros2/build/sllidar_ros2': CMAKE_PREFIX_PATH=${CMAKE_PREFIX_PATH}:/opt/ros/foxy /usr/bin/cmake --install /home/mike/Documents/slam/sllidar_ros2/build/sllidar_ros2
[5.565s] -- Install configuration: ""
[5.566s] -- Up-to-date: /home/mike/Documents/slam/sllidar_ros2/install/sllidar_ros2/share/sllidar_ros2/launch
[5.566s] -- Up-to-date: /home/mike/Documents/slam/sllidar_ros2/install/sllidar_ros2/share/sllidar_ros2/launch/sllidar_launch.py
[5.566s] -- Up-to-date: /home/mike/Documents/slam/sllidar_ros2/install/sllidar_ros2/share/sllidar_ros2/launch/view_sllidar_a3_launch.py
[5.566s] -- Up-to-date: /home/mike/Documents/slam/sllidar_ros2/install/sllidar_ros2/share/sllidar_ros2/launch/view_sllidar_s2_launch.py
[5.566s] -- Up-to-date: /home/mike/Documents/slam/sllidar_ros2/install/sllidar_ros2/share/sllidar_ros2/launch/sllidar_s1_tcp_launch.py
[5.567s] -- Up-to-date: /home/mike/Documents/slam/sllidar_ros2/install/sllidar_ros2/share/sllidar_ros2/launch/view_sllidar_s1_tcp_launch.py
[5.567s] -- Up-to-date: /home/mike/Documents/slam/sllidar_ros2/install/sllidar_ros2/share/sllidar_ros2/launch/sllidar_t1_launch.py
[5.567s] -- Up-to-date: /home/mike/Documents/slam/sllidar_ros2/install/sllidar_ros2/share/sllidar_ros2/launch/sllidar_a3_launch.py
[5.567s] -- Up-to-date: /home/mike/Documents/slam/sllidar_ros2/install/sllidar_ros2/share/sllidar_ros2/launch/sllidar_s1_launch.py
[5.567s] -- Installing: /home/mike/Documents/slam/sllidar_ros2/install/sllidar_ros2/share/sllidar_ros2/launch/view_sllidar_launch.py
[5.568s] -- Up-to-date: /home/mike/Documents/slam/sllidar_ros2/install/sllidar_ros2/share/sllidar_ros2/launch/view_sllidar_s1_launch.py
[5.568s] -- Up-to-date: /home/mike/Documents/slam/sllidar_ros2/install/sllidar_ros2/share/sllidar_ros2/launch/sllidar_s2_launch.py
[5.568s] -- Up-to-date: /home/mike/Documents/slam/sllidar_ros2/install/sllidar_ros2/share/sllidar_ros2/launch/view_sllidar_t1_launch.py
[5.568s] -- Up-to-date: /home/mike/Documents/slam/sllidar_ros2/install/sllidar_ros2/share/sllidar_ros2/rviz
[5.568s] -- Up-to-date: /home/mike/Documents/slam/sllidar_ros2/install/sllidar_ros2/share/sllidar_ros2/rviz/sllidar_ros2.rviz
[5.568s] -- Installing: /home/mike/Documents/slam/sllidar_ros2/install/sllidar_ros2/lib/sllidar_ros2/sllidar_node
[5.570s] -- Set runtime path of "/home/mike/Documents/slam/sllidar_ros2/install/sllidar_ros2/lib/sllidar_ros2/sllidar_node" to ""
[5.572s] -- Up-to-date: /home/mike/Documents/slam/sllidar_ros2/install/sllidar_ros2/lib/sllidar_ros2/sllidar_client
[5.573s] -- Up-to-date: /home/mike/Documents/slam/sllidar_ros2/install/sllidar_ros2/share/ament_index/resource_index/package_run_dependencies/sllidar_ros2
[5.573s] -- Up-to-date: /home/mike/Documents/slam/sllidar_ros2/install/sllidar_ros2/share/ament_index/resource_index/parent_prefix_path/sllidar_ros2
[5.573s] -- Up-to-date: /home/mike/Documents/slam/sllidar_ros2/install/sllidar_ros2/share/sllidar_ros2/environment/ament_prefix_path.sh
[5.573s] -- Up-to-date: /home/mike/Documents/slam/sllidar_ros2/install/sllidar_ros2/share/sllidar_ros2/environment/ament_prefix_path.dsv
[5.574s] -- Up-to-date: /home/mike/Documents/slam/sllidar_ros2/install/sllidar_ros2/share/sllidar_ros2/environment/path.sh
[5.574s] -- Up-to-date: /home/mike/Documents/slam/sllidar_ros2/install/sllidar_ros2/share/sllidar_ros2/environment/path.dsv
[5.574s] -- Up-to-date: /home/mike/Documents/slam/sllidar_ros2/install/sllidar_ros2/share/sllidar_ros2/local_setup.bash
[5.574s] -- Up-to-date: /home/mike/Documents/slam/sllidar_ros2/install/sllidar_ros2/share/sllidar_ros2/local_setup.sh
[5.574s] -- Up-to-date: /home/mike/Documents/slam/sllidar_ros2/install/sllidar_ros2/share/sllidar_ros2/local_setup.zsh
[5.575s] -- Up-to-date: /home/mike/Documents/slam/sllidar_ros2/install/sllidar_ros2/share/sllidar_ros2/local_setup.dsv
[5.575s] -- Installing: /home/mike/Documents/slam/sllidar_ros2/install/sllidar_ros2/share/sllidar_ros2/package.dsv
[5.575s] -- Up-to-date: /home/mike/Documents/slam/sllidar_ros2/install/sllidar_ros2/share/ament_index/resource_index/packages/sllidar_ros2
[5.576s] -- Up-to-date: /home/mike/Documents/slam/sllidar_ros2/install/sllidar_ros2/share/sllidar_ros2/cmake/ament_cmake_export_dependencies-extras.cmake
[5.576s] -- Up-to-date: /home/mike/Documents/slam/sllidar_ros2/install/sllidar_ros2/share/sllidar_ros2/cmake/ament_cmake_export_include_directories-extras.cmake
[5.576s] -- Up-to-date: /home/mike/Documents/slam/sllidar_ros2/install/sllidar_ros2/share/sllidar_ros2/cmake/sllidar_ros2Config.cmake
[5.576s] -- Up-to-date: /home/mike/Documents/slam/sllidar_ros2/install/sllidar_ros2/share/sllidar_ros2/cmake/sllidar_ros2Config-version.cmake
[5.576s] -- Up-to-date: /home/mike/Documents/slam/sllidar_ros2/install/sllidar_ros2/share/sllidar_ros2/package.xml
[5.578s] Invoked command in '/home/mike/Documents/slam/sllidar_ros2/build/sllidar_ros2' returned '0': CMAKE_PREFIX_PATH=${CMAKE_PREFIX_PATH}:/opt/ros/foxy /usr/bin/cmake --install /home/mike/Documents/slam/sllidar_ros2/build/sllidar_ros2
