[0.279s] DEBUG:colcon:Command line arguments: ['/usr/bin/colcon', 'build']
[0.279s] DEBUG:colcon:Parsed command line arguments: Namespace(allow_overriding=[], ament_cmake_args=None, base_paths=['.'], build_base='build', catkin_cmake_args=None, catkin_skip_building_tests=False, cmake_args=None, cmake_clean_cache=False, cmake_clean_first=False, cmake_force_configure=False, cmake_target=None, cmake_target_skip_unavailable=False, continue_on_error=False, event_handlers=None, executor='parallel', ignore_user_meta=False, install_base='install', log_base=None, log_level=None, main=<bound method BuildVerb.main of <colcon_core.verb.build.BuildVerb object at 0x7f768816b0a0>>, merge_install=False, metas=['./colcon.meta'], packages_above=None, packages_above_and_dependencies=None, packages_above_depth=None, packages_end=None, packages_ignore=None, packages_ignore_regex=None, packages_select=None, packages_select_build_failed=False, packages_select_by_dep=None, packages_select_regex=None, packages_select_test_failures=False, packages_skip=None, packages_skip_build_finished=False, packages_skip_by_dep=None, packages_skip_regex=None, packages_skip_test_passed=False, packages_skip_up_to=None, packages_start=None, packages_up_to=None, packages_up_to_regex=None, parallel_workers=4, paths=None, symlink_install=False, test_result_base=None, verb_extension=<colcon_core.verb.build.BuildVerb object at 0x7f768816b0a0>, verb_name='build', verb_parser=<colcon_defaults.argument_parser.defaults.DefaultArgumentsDecorator object at 0x7f768816b5e0>)
[0.287s] Level 1:colcon.colcon_core.package_discovery:discover_packages(colcon_meta) check parameters
[0.287s] Level 1:colcon.colcon_core.package_discovery:discover_packages(recursive) check parameters
[0.288s] Level 1:colcon.colcon_core.package_discovery:discover_packages(ignore) check parameters
[0.288s] Level 1:colcon.colcon_core.package_discovery:discover_packages(path) check parameters
[0.288s] Level 1:colcon.colcon_core.package_discovery:discover_packages(colcon_meta) discover
[0.288s] Level 1:colcon.colcon_core.package_discovery:discover_packages(recursive) discover
[0.288s] INFO:colcon.colcon_core.package_discovery:Crawling recursively for packages in '/home/mike/Documents/slam/sllidar_ros2'
[0.288s] Level 1:colcon.colcon_core.package_identification:_identify(.) by extensions ['ignore', 'ignore_ament_install']
[0.288s] Level 1:colcon.colcon_core.package_identification:_identify(.) by extension 'ignore'
[0.288s] Level 1:colcon.colcon_core.package_identification:_identify(.) by extension 'ignore_ament_install'
[0.288s] Level 1:colcon.colcon_core.package_identification:_identify(.) by extensions ['colcon_pkg']
[0.288s] Level 1:colcon.colcon_core.package_identification:_identify(.) by extension 'colcon_pkg'
[0.288s] Level 1:colcon.colcon_core.package_identification:_identify(.) by extensions ['colcon_meta']
[0.288s] Level 1:colcon.colcon_core.package_identification:_identify(.) by extension 'colcon_meta'
[0.288s] Level 1:colcon.colcon_core.package_identification:_identify(.) by extensions ['ros']
[0.289s] Level 1:colcon.colcon_core.package_identification:_identify(.) by extension 'ros'
[0.316s] DEBUG:colcon.colcon_core.package_identification:Package '.' with type 'ros.ament_cmake' and name 'sllidar_ros2'
[0.316s] Level 1:colcon.colcon_core.package_discovery:discover_packages(recursive) using defaults
[0.316s] Level 1:colcon.colcon_core.package_discovery:discover_packages(ignore) discover
[0.316s] Level 1:colcon.colcon_core.package_discovery:discover_packages(ignore) using defaults
[0.316s] Level 1:colcon.colcon_core.package_discovery:discover_packages(path) discover
[0.316s] Level 1:colcon.colcon_core.package_discovery:discover_packages(path) using defaults
[0.352s] Level 5:colcon.colcon_core.verb:set package 'sllidar_ros2' build argument 'cmake_args' from command line to 'None'
[0.352s] Level 5:colcon.colcon_core.verb:set package 'sllidar_ros2' build argument 'cmake_target' from command line to 'None'
[0.352s] Level 5:colcon.colcon_core.verb:set package 'sllidar_ros2' build argument 'cmake_target_skip_unavailable' from command line to 'False'
[0.352s] Level 5:colcon.colcon_core.verb:set package 'sllidar_ros2' build argument 'cmake_clean_cache' from command line to 'False'
[0.352s] Level 5:colcon.colcon_core.verb:set package 'sllidar_ros2' build argument 'cmake_clean_first' from command line to 'False'
[0.352s] Level 5:colcon.colcon_core.verb:set package 'sllidar_ros2' build argument 'cmake_force_configure' from command line to 'False'
[0.352s] Level 5:colcon.colcon_core.verb:set package 'sllidar_ros2' build argument 'ament_cmake_args' from command line to 'None'
[0.352s] Level 5:colcon.colcon_core.verb:set package 'sllidar_ros2' build argument 'catkin_cmake_args' from command line to 'None'
[0.352s] Level 5:colcon.colcon_core.verb:set package 'sllidar_ros2' build argument 'catkin_skip_building_tests' from command line to 'False'
[0.352s] DEBUG:colcon.colcon_core.verb:Building package 'sllidar_ros2' with the following arguments: {'ament_cmake_args': None, 'build_base': '/home/mike/Documents/slam/sllidar_ros2/build/sllidar_ros2', 'catkin_cmake_args': None, 'catkin_skip_building_tests': False, 'cmake_args': None, 'cmake_clean_cache': False, 'cmake_clean_first': False, 'cmake_force_configure': False, 'cmake_target': None, 'cmake_target_skip_unavailable': False, 'install_base': '/home/mike/Documents/slam/sllidar_ros2/install/sllidar_ros2', 'merge_install': False, 'path': '/home/mike/Documents/slam/sllidar_ros2', 'symlink_install': False, 'test_result_base': None}
[0.358s] INFO:colcon.colcon_core.executor:Executing jobs using 'parallel' executor
[0.361s] DEBUG:colcon.colcon_parallel_executor.executor.parallel:run_until_complete
[0.361s] INFO:colcon.colcon_ros.task.ament_cmake.build:Building ROS package in '/home/mike/Documents/slam/sllidar_ros2' with build type 'ament_cmake'
[0.361s] INFO:colcon.colcon_cmake.task.cmake.build:Building CMake package in '/home/mike/Documents/slam/sllidar_ros2'
[0.365s] INFO:colcon.colcon_core.plugin_system:Skipping extension 'colcon_core.shell.bat': Not used on non-Windows systems
[0.366s] INFO:colcon.colcon_core.shell:Skip shell extension 'powershell' for command environment: Not usable outside of PowerShell
[0.366s] DEBUG:colcon.colcon_core.shell:Skip shell extension 'dsv' for command environment
[0.382s] DEBUG:colcon.colcon_core.event_handler.log_command:Invoking command in '/home/mike/Documents/slam/sllidar_ros2/build/sllidar_ros2': CMAKE_PREFIX_PATH=/opt/ros/foxy /usr/bin/cmake /home/mike/Documents/slam/sllidar_ros2 -DCMAKE_INSTALL_PREFIX=/home/mike/Documents/slam/sllidar_ros2/install/sllidar_ros2
[3.368s] DEBUG:colcon.colcon_core.event_handler.log_command:Invoked command in '/home/mike/Documents/slam/sllidar_ros2/build/sllidar_ros2' returned '0': CMAKE_PREFIX_PATH=/opt/ros/foxy /usr/bin/cmake /home/mike/Documents/slam/sllidar_ros2 -DCMAKE_INSTALL_PREFIX=/home/mike/Documents/slam/sllidar_ros2/install/sllidar_ros2
[3.373s] DEBUG:colcon.colcon_core.event_handler.log_command:Invoking command in '/home/mike/Documents/slam/sllidar_ros2/build/sllidar_ros2': CMAKE_PREFIX_PATH=/opt/ros/foxy /usr/bin/cmake --build /home/mike/Documents/slam/sllidar_ros2/build/sllidar_ros2 -- -j4 -l4
[11.751s] DEBUG:colcon.colcon_core.event_handler.log_command:Invoked command in '/home/mike/Documents/slam/sllidar_ros2/build/sllidar_ros2' returned '0': CMAKE_PREFIX_PATH=/opt/ros/foxy /usr/bin/cmake --build /home/mike/Documents/slam/sllidar_ros2/build/sllidar_ros2 -- -j4 -l4
[11.818s] DEBUG:colcon.colcon_core.event_handler.log_command:Invoking command in '/home/mike/Documents/slam/sllidar_ros2/build/sllidar_ros2': CMAKE_PREFIX_PATH=/opt/ros/foxy /usr/bin/cmake --install /home/mike/Documents/slam/sllidar_ros2/build/sllidar_ros2
[11.842s] Level 1:colcon.colcon_core.environment:create_environment_scripts_only(sllidar_ros2)
[11.845s] DEBUG:colcon.colcon_core.event_handler.log_command:Invoked command in '/home/mike/Documents/slam/sllidar_ros2/build/sllidar_ros2' returned '0': CMAKE_PREFIX_PATH=/opt/ros/foxy /usr/bin/cmake --install /home/mike/Documents/slam/sllidar_ros2/build/sllidar_ros2
[11.849s] Level 1:colcon.colcon_core.environment:checking '/home/mike/Documents/slam/sllidar_ros2/install/sllidar_ros2' for CMake module files
[11.850s] Level 1:colcon.colcon_core.environment:checking '/home/mike/Documents/slam/sllidar_ros2/install/sllidar_ros2' for CMake config files
[11.850s] Level 1:colcon.colcon_core.shell:create_environment_hook('sllidar_ros2', 'cmake_prefix_path')
[11.851s] INFO:colcon.colcon_core.shell:Creating environment hook '/home/mike/Documents/slam/sllidar_ros2/install/sllidar_ros2/share/sllidar_ros2/hook/cmake_prefix_path.ps1'
[11.852s] INFO:colcon.colcon_core.shell:Creating environment descriptor '/home/mike/Documents/slam/sllidar_ros2/install/sllidar_ros2/share/sllidar_ros2/hook/cmake_prefix_path.dsv'
[11.853s] INFO:colcon.colcon_core.shell:Creating environment hook '/home/mike/Documents/slam/sllidar_ros2/install/sllidar_ros2/share/sllidar_ros2/hook/cmake_prefix_path.sh'
[11.854s] Level 1:colcon.colcon_core.environment:checking '/home/mike/Documents/slam/sllidar_ros2/install/sllidar_ros2/lib'
[11.854s] Level 1:colcon.colcon_core.environment:checking '/home/mike/Documents/slam/sllidar_ros2/install/sllidar_ros2/bin'
[11.854s] Level 1:colcon.colcon_core.environment:checking '/home/mike/Documents/slam/sllidar_ros2/install/sllidar_ros2/lib/pkgconfig/sllidar_ros2.pc'
[11.854s] Level 1:colcon.colcon_core.environment:checking '/home/mike/Documents/slam/sllidar_ros2/install/sllidar_ros2/lib/python3.8/site-packages'
[11.855s] INFO:colcon.colcon_core.shell:Creating package script '/home/mike/Documents/slam/sllidar_ros2/install/sllidar_ros2/share/sllidar_ros2/package.ps1'
[11.856s] INFO:colcon.colcon_core.shell:Creating package descriptor '/home/mike/Documents/slam/sllidar_ros2/install/sllidar_ros2/share/sllidar_ros2/package.dsv'
[11.857s] INFO:colcon.colcon_core.shell:Creating package script '/home/mike/Documents/slam/sllidar_ros2/install/sllidar_ros2/share/sllidar_ros2/package.sh'
[11.858s] INFO:colcon.colcon_core.shell:Creating package script '/home/mike/Documents/slam/sllidar_ros2/install/sllidar_ros2/share/sllidar_ros2/package.bash'
[11.859s] INFO:colcon.colcon_core.shell:Creating package script '/home/mike/Documents/slam/sllidar_ros2/install/sllidar_ros2/share/sllidar_ros2/package.zsh'
[11.860s] Level 1:colcon.colcon_core.environment:create_file_with_runtime_dependencies(/home/mike/Documents/slam/sllidar_ros2/install/sllidar_ros2/share/colcon-core/packages/sllidar_ros2)
[11.924s] Level 1:colcon.colcon_core.environment:create_environment_scripts_only(sllidar_ros2)
[11.926s] Level 1:colcon.colcon_core.environment:checking '/home/mike/Documents/slam/sllidar_ros2/install/sllidar_ros2' for CMake module files
[11.926s] Level 1:colcon.colcon_core.environment:checking '/home/mike/Documents/slam/sllidar_ros2/install/sllidar_ros2' for CMake config files
[11.927s] Level 1:colcon.colcon_core.shell:create_environment_hook('sllidar_ros2', 'cmake_prefix_path')
[11.928s] INFO:colcon.colcon_core.shell:Creating environment hook '/home/mike/Documents/slam/sllidar_ros2/install/sllidar_ros2/share/sllidar_ros2/hook/cmake_prefix_path.ps1'
[11.928s] INFO:colcon.colcon_core.shell:Creating environment descriptor '/home/mike/Documents/slam/sllidar_ros2/install/sllidar_ros2/share/sllidar_ros2/hook/cmake_prefix_path.dsv'
[11.929s] INFO:colcon.colcon_core.shell:Creating environment hook '/home/mike/Documents/slam/sllidar_ros2/install/sllidar_ros2/share/sllidar_ros2/hook/cmake_prefix_path.sh'
[11.930s] Level 1:colcon.colcon_core.environment:checking '/home/mike/Documents/slam/sllidar_ros2/install/sllidar_ros2/lib'
[11.930s] Level 1:colcon.colcon_core.environment:checking '/home/mike/Documents/slam/sllidar_ros2/install/sllidar_ros2/bin'
[11.930s] Level 1:colcon.colcon_core.environment:checking '/home/mike/Documents/slam/sllidar_ros2/install/sllidar_ros2/lib/pkgconfig/sllidar_ros2.pc'
[11.930s] Level 1:colcon.colcon_core.environment:checking '/home/mike/Documents/slam/sllidar_ros2/install/sllidar_ros2/lib/python3.8/site-packages'
[11.931s] INFO:colcon.colcon_core.shell:Creating package script '/home/mike/Documents/slam/sllidar_ros2/install/sllidar_ros2/share/sllidar_ros2/package.ps1'
[11.932s] INFO:colcon.colcon_core.shell:Creating package descriptor '/home/mike/Documents/slam/sllidar_ros2/install/sllidar_ros2/share/sllidar_ros2/package.dsv'
[11.933s] INFO:colcon.colcon_core.shell:Creating package script '/home/mike/Documents/slam/sllidar_ros2/install/sllidar_ros2/share/sllidar_ros2/package.sh'
[11.933s] INFO:colcon.colcon_core.shell:Creating package script '/home/mike/Documents/slam/sllidar_ros2/install/sllidar_ros2/share/sllidar_ros2/package.bash'
[11.934s] INFO:colcon.colcon_core.shell:Creating package script '/home/mike/Documents/slam/sllidar_ros2/install/sllidar_ros2/share/sllidar_ros2/package.zsh'
[11.935s] Level 1:colcon.colcon_core.environment:create_file_with_runtime_dependencies(/home/mike/Documents/slam/sllidar_ros2/install/sllidar_ros2/share/colcon-core/packages/sllidar_ros2)
[11.935s] DEBUG:colcon.colcon_parallel_executor.executor.parallel:closing loop
[11.936s] DEBUG:colcon.colcon_parallel_executor.executor.parallel:loop closed
[11.936s] DEBUG:colcon.colcon_parallel_executor.executor.parallel:run_until_complete finished with '0'
[11.936s] DEBUG:colcon.colcon_core.event_reactor:joining thread
[11.946s] INFO:colcon.colcon_core.plugin_system:Skipping extension 'colcon_notification.desktop_notification.terminal_notifier': Not used on non-Darwin systems
[11.946s] INFO:colcon.colcon_core.plugin_system:Skipping extension 'colcon_notification.desktop_notification.win32': Not used on non-Windows systems
[11.946s] INFO:colcon.colcon_notification.desktop_notification:Sending desktop notification using 'notify2'
[11.978s] DEBUG:colcon.colcon_core.event_reactor:joined thread
[11.979s] INFO:colcon.colcon_core.shell:Creating prefix script '/home/mike/Documents/slam/sllidar_ros2/install/local_setup.ps1'
[11.980s] INFO:colcon.colcon_core.shell:Creating prefix util module '/home/mike/Documents/slam/sllidar_ros2/install/_local_setup_util_ps1.py'
[11.983s] INFO:colcon.colcon_core.shell:Creating prefix chain script '/home/mike/Documents/slam/sllidar_ros2/install/setup.ps1'
[11.985s] INFO:colcon.colcon_core.shell:Creating prefix script '/home/mike/Documents/slam/sllidar_ros2/install/local_setup.sh'
[11.986s] INFO:colcon.colcon_core.shell:Creating prefix util module '/home/mike/Documents/slam/sllidar_ros2/install/_local_setup_util_sh.py'
[11.986s] INFO:colcon.colcon_core.shell:Creating prefix chain script '/home/mike/Documents/slam/sllidar_ros2/install/setup.sh'
[11.989s] INFO:colcon.colcon_core.shell:Creating prefix script '/home/mike/Documents/slam/sllidar_ros2/install/local_setup.bash'
[11.989s] INFO:colcon.colcon_core.shell:Creating prefix chain script '/home/mike/Documents/slam/sllidar_ros2/install/setup.bash'
[11.992s] INFO:colcon.colcon_core.shell:Creating prefix script '/home/mike/Documents/slam/sllidar_ros2/install/local_setup.zsh'
[11.992s] INFO:colcon.colcon_core.shell:Creating prefix chain script '/home/mike/Documents/slam/sllidar_ros2/install/setup.zsh'
