[0.020s] Invoking command in '/home/mike/Documents/slam/sllidar_ros2/build/sllidar_ros2': CMAKE_PREFIX_PATH=/opt/ros/foxy /usr/bin/cmake /home/mike/Documents/slam/sllidar_ros2 -DCMAKE_INSTALL_PREFIX=/home/mike/Documents/slam/sllidar_ros2/install/sllidar_ros2
[0.160s] -- The C compiler identification is GNU 9.4.0
[0.349s] -- The CXX compiler identification is GNU 9.4.0
[0.367s] -- Check for working C compiler: /usr/bin/cc
[0.458s] -- Check for working C compiler: /usr/bin/cc -- works
[0.461s] -- Detecting C compiler ABI info
[0.554s] -- Detecting C compiler ABI info - done
[0.582s] -- Detecting C compile features
[0.583s] -- Detecting C compile features - done
[0.589s] -- Check for working CXX compiler: /usr/bin/c++
[0.696s] -- Check for working CXX compiler: /usr/bin/c++ -- works
[0.698s] -- Detecting CXX compiler ABI info
[0.812s] -- Detecting CXX compiler ABI info - done
[0.840s] -- Detecting CXX compile features
[0.841s] -- Detecting CXX compile features - done
[0.849s] -- Found ament_cmake: 0.9.9 (/opt/ros/foxy/share/ament_cmake/cmake)
[0.895s] -- Found PythonInterp: /usr/bin/python3 (found suitable version "3.8.10", minimum required is "3") 
[0.895s] -- Using PYTHON_EXECUTABLE: /usr/bin/python3
[1.233s] -- Found rclcpp: 2.4.1 (/opt/ros/foxy/share/rclcpp/cmake)
[1.346s] -- Using all available rosidl_typesupport_c: rosidl_typesupport_fastrtps_c;rosidl_typesupport_introspection_c
[1.362s] -- Found rosidl_adapter: 1.2.1 (/opt/ros/foxy/share/rosidl_adapter/cmake)
[1.478s] -- Found OpenSSL: /usr/lib/x86_64-linux-gnu/libcrypto.so (found version "1.1.1f")  
[1.524s] -- Found FastRTPS: /opt/ros/foxy/include  
[1.680s] -- Using all available rosidl_typesupport_cpp: rosidl_typesupport_fastrtps_cpp;rosidl_typesupport_introspection_cpp
[1.810s] -- Found rmw_implementation_cmake: 1.0.3 (/opt/ros/foxy/share/rmw_implementation_cmake/cmake)
[1.814s] -- Using RMW implementation 'rmw_fastrtps_cpp' as default
[1.817s] -- Looking for pthread.h
[1.932s] -- Looking for pthread.h - found
[1.932s] -- Performing Test CMAKE_HAVE_LIBC_PTHREAD
[2.029s] -- Performing Test CMAKE_HAVE_LIBC_PTHREAD - Failed
[2.029s] -- Looking for pthread_create in pthreads
[2.105s] -- Looking for pthread_create in pthreads - not found
[2.105s] -- Looking for pthread_create in pthread
[2.197s] -- Looking for pthread_create in pthread - found
[2.199s] -- Found Threads: TRUE  
[2.564s] -- Found sensor_msgs: 2.0.5 (/opt/ros/foxy/share/sensor_msgs/cmake)
[2.831s] -- Found std_srvs: 2.0.5 (/opt/ros/foxy/share/std_srvs/cmake)
[2.965s] -- Configuring done
[2.994s] -- Generating done
[2.997s] -- Build files have been written to: /home/mike/Documents/slam/sllidar_ros2/build/sllidar_ros2
[3.006s] Invoked command in '/home/mike/Documents/slam/sllidar_ros2/build/sllidar_ros2' returned '0': CMAKE_PREFIX_PATH=/opt/ros/foxy /usr/bin/cmake /home/mike/Documents/slam/sllidar_ros2 -DCMAKE_INSTALL_PREFIX=/home/mike/Documents/slam/sllidar_ros2/install/sllidar_ros2
[3.011s] Invoking command in '/home/mike/Documents/slam/sllidar_ros2/build/sllidar_ros2': CMAKE_PREFIX_PATH=/opt/ros/foxy /usr/bin/cmake --build /home/mike/Documents/slam/sllidar_ros2/build/sllidar_ros2 -- -j4 -l4
[3.062s] [35m[1mScanning dependencies of target sllidar_client[0m
[3.063s] [35m[1mScanning dependencies of target sllidar_node[0m
[3.226s] [  7%] [32mBuilding CXX object CMakeFiles/sllidar_client.dir/src/sllidar_client.cpp.o[0m
[3.227s] [ 14%] [32mBuilding CXX object CMakeFiles/sllidar_node.dir/src/sllidar_node.cpp.o[0m
[3.233s] [ 21%] [32mBuilding CXX object CMakeFiles/sllidar_node.dir/sdk/src/arch/linux/net_serial.cpp.o[0m
[3.235s] [ 28%] [32mBuilding CXX object CMakeFiles/sllidar_node.dir/sdk/src/arch/linux/net_socket.cpp.o[0m
[3.370s] In file included from [01m[K/home/mike/Documents/slam/sllidar_ros2/./sdk/src/sdkcommon.h:47[m[K,
[3.371s]                  from [01m[K/home/mike/Documents/slam/sllidar_ros2/sdk/src/arch/linux/net_socket.cpp:10[m[K:
[3.371s] [01m[K/home/mike/Documents/slam/sllidar_ros2/./sdk/src/hal/assert.h:1:1:[m[K [01;35m[Kwarning: [m[Knull character(s) ignored
[3.371s]     1 | [01;35m[K [m[K                                                                                                                                                                                                                                                                                                                        
[3.371s]       | [01;35m[K^[m[K
[3.868s] In file included from [01m[K/home/mike/Documents/slam/sllidar_ros2/./sdk/include/rplidar_protocol.h:36[m[K,
[3.871s]                  from [01m[K/home/mike/Documents/slam/sllidar_ros2/./sdk/include/rplidar.h:39[m[K,
[3.871s]                  from [01m[K/home/mike/Documents/slam/sllidar_ros2/./sdk/src/sdkcommon.h:49[m[K,
[3.871s]                  from [01m[K/home/mike/Documents/slam/sllidar_ros2/sdk/src/arch/linux/net_socket.cpp:10[m[K:
[3.871s] [01m[K/home/mike/Documents/slam/sllidar_ros2/./sdk/include/sl_lidar_protocol.h:58:16:[m[K [01;35m[Kwarning: [m[KISO C++ forbids zero-size array ‘[01m[Kdata[m[K’ [[01;35m[K-Wpedantic[m[K]
[3.872s]    58 |     sl_u8 data[[01;35m[K0[m[K];
[3.872s]       |                [01;35m[K^[m[K
[3.873s] In file included from [01m[K/home/mike/Documents/slam/sllidar_ros2/./sdk/include/rplidar_cmd.h:36[m[K,
[3.873s]                  from [01m[K/home/mike/Documents/slam/sllidar_ros2/./sdk/include/rplidar.h:40[m[K,
[3.873s]                  from [01m[K/home/mike/Documents/slam/sllidar_ros2/./sdk/src/sdkcommon.h:49[m[K,
[3.874s]                  from [01m[K/home/mike/Documents/slam/sllidar_ros2/sdk/src/arch/linux/net_socket.cpp:10[m[K:
[3.874s] [01m[K/home/mike/Documents/slam/sllidar_ros2/./sdk/include/sl_lidar_cmd.h:295:20:[m[K [01;35m[Kwarning: [m[KISO C++ forbids zero-size array ‘[01m[Kpayload[m[K’ [[01;35m[K-Wpedantic[m[K]
[3.874s]   295 |     sl_u8  payload[[01;35m[K0[m[K];
[3.874s]       |                    [01;35m[K^[m[K
[3.876s] [01m[K/home/mike/Documents/slam/sllidar_ros2/sdk/src/arch/linux/net_serial.cpp:[m[K In member function ‘[01m[Kbool rp::arch::net::raw_serial::open(const char*, uint32_t, uint32_t)[m[K’:
[3.876s] [01m[K/home/mike/Documents/slam/sllidar_ros2/sdk/src/arch/linux/net_serial.cpp:97:74:[m[K [01;35m[Kwarning: [m[Kunused parameter ‘[01m[Kflags[m[K’ [[01;35m[K-Wunused-parameter[m[K]
[3.876s]    97 | bool raw_serial::open(const char * portname, uint32_t baudrate, [01;35m[Kuint32_t flags[m[K)
[3.876s]       |                                                                 [01;35m[K~~~~~~~~~^~~~~[m[K
[3.877s] [01m[K/home/mike/Documents/slam/sllidar_ros2/sdk/src/arch/linux/net_serial.cpp:[m[K In member function ‘[01m[Kvirtual void rp::arch::net::raw_serial::flush(_u32)[m[K’:
[3.877s] [01m[K/home/mike/Documents/slam/sllidar_ros2/sdk/src/arch/linux/net_serial.cpp:281:30:[m[K [01;35m[Kwarning: [m[Kunused parameter ‘[01m[Kflags[m[K’ [[01;35m[K-Wunused-parameter[m[K]
[3.877s]   281 | void raw_serial::flush( [01;35m[K_u32 flags[m[K)
[3.877s]       |                         [01;35m[K~~~~~^~~~~[m[K
[3.877s] [01m[K/home/mike/Documents/slam/sllidar_ros2/sdk/src/arch/linux/net_serial.cpp:[m[K In member function ‘[01m[Kvirtual int rp::arch::net::raw_serial::waitforsent(_u32, size_t*)[m[K’:
[3.877s] [01m[K/home/mike/Documents/slam/sllidar_ros2/sdk/src/arch/linux/net_serial.cpp:286:34:[m[K [01;35m[Kwarning: [m[Kunused parameter ‘[01m[Ktimeout[m[K’ [[01;35m[K-Wunused-parameter[m[K]
[3.877s]   286 | int raw_serial::waitforsent([01;35m[K_u32 timeout[m[K, size_t * returned_size)
[3.878s]       |                             [01;35m[K~~~~~^~~~~~~[m[K
[3.878s] [01m[K/home/mike/Documents/slam/sllidar_ros2/sdk/src/arch/linux/net_serial.cpp:[m[K In member function ‘[01m[Kvirtual int rp::arch::net::raw_serial::waitforrecv(_u32, size_t*)[m[K’:
[3.878s] [01m[K/home/mike/Documents/slam/sllidar_ros2/sdk/src/arch/linux/net_serial.cpp:292:34:[m[K [01;35m[Kwarning: [m[Kunused parameter ‘[01m[Ktimeout[m[K’ [[01;35m[K-Wunused-parameter[m[K]
[3.878s]   292 | int raw_serial::waitforrecv([01;35m[K_u32 timeout[m[K, size_t * returned_size)
[3.878s]       |                             [01;35m[K~~~~~^~~~~~~[m[K
[3.973s] [01m[K/home/mike/Documents/slam/sllidar_ros2/sdk/src/arch/linux/net_socket.cpp:[m[K In member function ‘[01m[Kvirtual u_result rp::net::SocketAddress::getAddressAsString(char*, size_t) const[m[K’:
[3.973s] [01m[K/home/mike/Documents/slam/sllidar_ros2/sdk/src/arch/linux/net_socket.cpp:170:17:[m[K [01;35m[Kwarning: [m[Kordered comparison of pointer with integer zero [[01;35m[K-Wextra[m[K]
[3.976s]   170 |     return ans<=[01;35m[K0[m[K?RESULT_OPERATION_FAIL:RESULT_OK;
[3.976s]       |                 [01;35m[K^[m[K
[3.986s] [01m[K/home/mike/Documents/slam/sllidar_ros2/sdk/src/arch/linux/net_socket.cpp:[m[K In member function ‘[01m[Kvirtual u_result rp::arch::net::StreamSocketImpl::send(const void*, size_t)[m[K’:
[3.986s] [01m[K/home/mike/Documents/slam/sllidar_ros2/sdk/src/arch/linux/net_socket.cpp:438:17:[m[K [01;35m[Kwarning: [m[Kcomparison of integer expressions of different signedness: ‘[01m[Ksize_t[m[K’ {aka ‘[01m[Klong unsigned int[m[K’} and ‘[01m[Kint[m[K’ [[01;35m[K-Wsign-compare[m[K]
[3.986s]   438 |         if ([01;35m[Kans == (int)len[m[K) {
[3.986s]       |             [01;35m[K~~~~^~~~~~~~~~~[m[K
[3.991s] In file included from [01m[K/home/mike/Documents/slam/sllidar_ros2/./sdk/src/arch/linux/arch_linux.h:42[m[K,
[3.995s]                  from [01m[K/home/mike/Documents/slam/sllidar_ros2/./sdk/src/sdkcommon.h:41[m[K,
[3.995s]                  from [01m[K/home/mike/Documents/slam/sllidar_ros2/sdk/src/arch/linux/net_socket.cpp:10[m[K:
[3.995s] [01m[K/home/mike/Documents/slam/sllidar_ros2/sdk/src/arch/linux/net_socket.cpp:[m[K In member function ‘[01m[Kvirtual u_result rp::arch::net::DGramSocketImpl::sendTo(const rp::net::SocketAddress&, const void*, size_t)[m[K’:
[3.995s] [01m[K/home/mike/Documents/slam/sllidar_ros2/sdk/src/arch/linux/net_socket.cpp:726:24:[m[K [01;35m[Kwarning: [m[Kcomparison of integer expressions of different signedness: ‘[01m[Ksize_t[m[K’ {aka ‘[01m[Klong unsigned int[m[K’} and ‘[01m[Kint[m[K’ [[01;35m[K-Wsign-compare[m[K]
[3.995s]   726 |             assert([01;35m[Kans == (int)len[m[K);
[3.996s]       |                    [01;35m[K~~~~^~~~~~~~~~~[m[K
[4.026s] [ 35%] [32mBuilding CXX object CMakeFiles/sllidar_node.dir/sdk/src/arch/linux/timer.cpp.o[0m
[4.057s] [01m[K/home/mike/Documents/slam/sllidar_ros2/sdk/src/arch/linux/net_socket.cpp:722:47:[m[K [01;35m[Kwarning: [m[Knonnull argument ‘[01m[Ktarget[m[K’ compared to NULL [[01;35m[K-Wnonnull-compare[m[K]
[4.057s]   722 |         const struct sockaddr* addr = &target [01;35m[K?[m[K reinterpret_cast<const struct sockaddr*>(target.getPlatformData()) : NULL;
[4.058s]       |                                               [01;35m[K^[m[K
[4.200s] [ 42%] [32mBuilding CXX object CMakeFiles/sllidar_node.dir/sdk/src/hal/thread.cpp.o[0m
[4.280s] In file included from [01m[K/home/mike/Documents/slam/sllidar_ros2/./sdk/src/sdkcommon.h:47[m[K,
[4.281s]                  from [01m[K/home/mike/Documents/slam/sllidar_ros2/sdk/src/hal/thread.cpp:35[m[K:
[4.281s] [01m[K/home/mike/Documents/slam/sllidar_ros2/./sdk/src/hal/assert.h:1:1:[m[K [01;35m[Kwarning: [m[Knull character(s) ignored
[4.281s]     1 | [01;35m[K [m[K                                                                                                                                                                                                                                                                                                                        
[4.281s]       | [01;35m[K^[m[K
[4.522s] [ 50%] [32mBuilding CXX object CMakeFiles/sllidar_node.dir/sdk/src/rplidar_driver.cpp.o[0m
[4.610s] In file included from [01m[K/home/mike/Documents/slam/sllidar_ros2/sdk/src/sdkcommon.h:47[m[K,
[4.610s]                  from [01m[K/home/mike/Documents/slam/sllidar_ros2/sdk/src/rplidar_driver.cpp:33[m[K:
[4.610s] [01m[K/home/mike/Documents/slam/sllidar_ros2/sdk/src/hal/assert.h:1:1:[m[K [01;35m[Kwarning: [m[Knull character(s) ignored
[4.610s]     1 | [01;35m[K [m[K                                                                                                                                                                                                                                                                                                                        
[4.610s]       | [01;35m[K^[m[K
[4.630s] In file included from [01m[K/home/mike/Documents/slam/sllidar_ros2/sdk/src/rplidar_driver.cpp:37[m[K:
[4.630s] [01m[K/home/mike/Documents/slam/sllidar_ros2/sdk/src/hal/assert.h:1:1:[m[K [01;35m[Kwarning: [m[Knull character(s) ignored
[4.630s]     1 | [01;35m[K [m[K                                                                                                                                                                                                                                                                                                                        
[4.630s]       | [01;35m[K^[m[K
[4.658s] In file included from [01m[K/home/mike/Documents/slam/sllidar_ros2/./sdk/include/rplidar_protocol.h:36[m[K,
[4.658s]                  from [01m[K/home/mike/Documents/slam/sllidar_ros2/./sdk/include/rplidar.h:39[m[K,
[4.658s]                  from [01m[K/home/mike/Documents/slam/sllidar_ros2/./sdk/src/sdkcommon.h:49[m[K,
[4.658s]                  from [01m[K/home/mike/Documents/slam/sllidar_ros2/sdk/src/hal/thread.cpp:35[m[K:
[4.658s] [01m[K/home/mike/Documents/slam/sllidar_ros2/./sdk/include/sl_lidar_protocol.h:58:16:[m[K [01;35m[Kwarning: [m[KISO C++ forbids zero-size array ‘[01m[Kdata[m[K’ [[01;35m[K-Wpedantic[m[K]
[4.659s]    58 |     sl_u8 data[[01;35m[K0[m[K];
[4.659s]       |                [01;35m[K^[m[K
[4.662s] In file included from [01m[K/home/mike/Documents/slam/sllidar_ros2/./sdk/include/rplidar_cmd.h:36[m[K,
[4.662s]                  from [01m[K/home/mike/Documents/slam/sllidar_ros2/./sdk/include/rplidar.h:40[m[K,
[4.662s]                  from [01m[K/home/mike/Documents/slam/sllidar_ros2/./sdk/src/sdkcommon.h:49[m[K,
[4.662s]                  from [01m[K/home/mike/Documents/slam/sllidar_ros2/sdk/src/hal/thread.cpp:35[m[K:
[4.663s] [01m[K/home/mike/Documents/slam/sllidar_ros2/./sdk/include/sl_lidar_cmd.h:295:20:[m[K [01;35m[Kwarning: [m[KISO C++ forbids zero-size array ‘[01m[Kpayload[m[K’ [[01;35m[K-Wpedantic[m[K]
[4.663s]   295 |     sl_u8  payload[[01;35m[K0[m[K];
[4.663s]       |                    [01;35m[K^[m[K
[4.737s] In file included from [01m[K/home/mike/Documents/slam/sllidar_ros2/sdk/src/hal/thread.cpp:43[m[K:
[4.737s] [01m[K/home/mike/Documents/slam/sllidar_ros2/./sdk/src/arch/linux/thread.hpp:[m[K In static member function ‘[01m[Kstatic rp::hal::Thread rp::hal::Thread::create(thread_proc_t, void*)[m[K’:
[4.737s] [01m[K/home/mike/Documents/slam/sllidar_ros2/./sdk/src/arch/linux/thread.hpp:48:77:[m[K [01;35m[Kwarning: [m[Kcast between incompatible function types from ‘[01m[Kthread_proc_t[m[K’ {aka ‘[01m[Klong unsigned int (*)(void*)[m[K’} to ‘[01m[Kvoid* (*)(void*)[m[K’ [[01;35m[K-Wcast-function-type[m[K]
[4.737s]    48 |     pthread_create((pthread_t *)&newborn._handle, NULL, (void * (*)(void *))[01;35m[Kproc[m[K, data);
[4.737s]       |                                                                             [01;35m[K^~~~[m[K
[4.738s] [01m[K/home/mike/Documents/slam/sllidar_ros2/./sdk/src/arch/linux/thread.hpp:[m[K In member function ‘[01m[Ku_result rp::hal::Thread::join(long unsigned int)[m[K’:
[4.738s] [01m[K/home/mike/Documents/slam/sllidar_ros2/./sdk/src/arch/linux/thread.hpp:129:37:[m[K [01;35m[Kwarning: [m[Kunused parameter ‘[01m[Ktimeout[m[K’ [[01;35m[K-Wunused-parameter[m[K]
[4.738s]   129 | u_result Thread::join([01;35m[Kunsigned long timeout[m[K)
[4.738s]       |                       [01;35m[K~~~~~~~~~~~~~~^~~~~~~[m[K
[4.841s] [ 57%] [32mBuilding CXX object CMakeFiles/sllidar_node.dir/sdk/src/sl_crc.cpp.o[0m
[4.854s] In file included from [01m[K/home/mike/Documents/slam/sllidar_ros2/./sdk/include/sl_lidar_cmd.h:36[m[K,
[4.855s]                  from [01m[K/home/mike/Documents/slam/sllidar_ros2/./sdk/include/sl_crc.h:36[m[K,
[4.855s]                  from [01m[K/home/mike/Documents/slam/sllidar_ros2/sdk/src/sl_crc.cpp:33[m[K:
[4.855s] [01m[K/home/mike/Documents/slam/sllidar_ros2/./sdk/include/sl_lidar_protocol.h:58:16:[m[K [01;35m[Kwarning: [m[KISO C++ forbids zero-size array ‘[01m[Kdata[m[K’ [[01;35m[K-Wpedantic[m[K]
[4.855s]    58 |     sl_u8 data[[01;35m[K0[m[K];
[4.855s]       |                [01;35m[K^[m[K
[4.855s] In file included from [01m[K/home/mike/Documents/slam/sllidar_ros2/./sdk/include/sl_crc.h:36[m[K,
[4.855s]                  from [01m[K/home/mike/Documents/slam/sllidar_ros2/sdk/src/sl_crc.cpp:33[m[K:
[4.855s] [01m[K/home/mike/Documents/slam/sllidar_ros2/./sdk/include/sl_lidar_cmd.h:295:20:[m[K [01;35m[Kwarning: [m[KISO C++ forbids zero-size array ‘[01m[Kpayload[m[K’ [[01;35m[K-Wpedantic[m[K]
[4.856s]   295 |     sl_u8  payload[[01;35m[K0[m[K];
[4.856s]       |                    [01;35m[K^[m[K
[4.856s] [01m[K/home/mike/Documents/slam/sllidar_ros2/sdk/src/sl_crc.cpp:[m[K In function ‘[01m[Ksl_u32 sl::crc32::cal(sl_u32, void*, sl_u16)[m[K’:
[4.856s] [01m[K/home/mike/Documents/slam/sllidar_ros2/sdk/src/sl_crc.cpp:77:29:[m[K [01;35m[Kwarning: [m[Ksuggest parentheses around ‘[01m[K-[m[K’ in operand of ‘[01m[K&[m[K’ [[01;35m[K-Wparentheses[m[K]
[4.856s]    77 |         sl_u8 leftBytes = [01;35m[K4 - len[m[K & 0x3;
[4.857s]       |                           [01;35m[K~~^~~~~[m[K
[4.888s] [ 64%] [32mBuilding CXX object CMakeFiles/sllidar_node.dir/sdk/src/sl_lidar_driver.cpp.o[0m
[4.988s] In file included from [01m[K/home/mike/Documents/slam/sllidar_ros2/sdk/src/sdkcommon.h:47[m[K,
[4.988s]                  from [01m[K/home/mike/Documents/slam/sllidar_ros2/sdk/src/sl_lidar_driver.cpp:33[m[K:
[4.988s] [01m[K/home/mike/Documents/slam/sllidar_ros2/sdk/src/hal/assert.h:1:1:[m[K [01;35m[Kwarning: [m[Knull character(s) ignored
[4.988s]     1 | [01;35m[K [m[K                                                                                                                                                                                                                                                                                                                        
[4.989s]       | [01;35m[K^[m[K
[5.004s] In file included from [01m[K/home/mike/Documents/slam/sllidar_ros2/sdk/src/sl_lidar_driver.cpp:37[m[K:
[5.005s] [01m[K/home/mike/Documents/slam/sllidar_ros2/sdk/src/hal/assert.h:1:1:[m[K [01;35m[Kwarning: [m[Knull character(s) ignored
[5.005s]     1 | [01;35m[K [m[K                                                                                                                                                                                                                                                                                                                        
[5.005s]       | [01;35m[K^[m[K
[5.026s] In file included from [01m[K/home/mike/Documents/slam/sllidar_ros2/./sdk/include/rplidar_protocol.h:36[m[K,
[5.027s]                  from [01m[K/home/mike/Documents/slam/sllidar_ros2/./sdk/include/rplidar.h:39[m[K,
[5.027s]                  from [01m[K/home/mike/Documents/slam/sllidar_ros2/sdk/src/sdkcommon.h:49[m[K,
[5.027s]                  from [01m[K/home/mike/Documents/slam/sllidar_ros2/sdk/src/rplidar_driver.cpp:33[m[K:
[5.027s] [01m[K/home/mike/Documents/slam/sllidar_ros2/./sdk/include/sl_lidar_protocol.h:58:16:[m[K [01;35m[Kwarning: [m[KISO C++ forbids zero-size array ‘[01m[Kdata[m[K’ [[01;35m[K-Wpedantic[m[K]
[5.027s]    58 |     sl_u8 data[[01;35m[K0[m[K];
[5.027s]       |                [01;35m[K^[m[K
[5.027s] In file included from [01m[K/home/mike/Documents/slam/sllidar_ros2/./sdk/include/rplidar_cmd.h:36[m[K,
[5.027s]                  from [01m[K/home/mike/Documents/slam/sllidar_ros2/./sdk/include/rplidar.h:40[m[K,
[5.027s]                  from [01m[K/home/mike/Documents/slam/sllidar_ros2/sdk/src/sdkcommon.h:49[m[K,
[5.028s]                  from [01m[K/home/mike/Documents/slam/sllidar_ros2/sdk/src/rplidar_driver.cpp:33[m[K:
[5.028s] [01m[K/home/mike/Documents/slam/sllidar_ros2/./sdk/include/sl_lidar_cmd.h:295:20:[m[K [01;35m[Kwarning: [m[KISO C++ forbids zero-size array ‘[01m[Kpayload[m[K’ [[01;35m[K-Wpedantic[m[K]
[5.028s]   295 |     sl_u8  payload[[01;35m[K0[m[K];
[5.028s]       |                    [01;35m[K^[m[K
[5.178s] [01m[K/home/mike/Documents/slam/sllidar_ros2/sdk/src/rplidar_driver.cpp:[m[K In member function ‘[01m[Ku_result rp::standalone::rplidar::RPlidarDriver::connect(const char*, _u32, _u32)[m[K’:
[5.179s] [01m[K/home/mike/Documents/slam/sllidar_ros2/sdk/src/rplidar_driver.cpp:67:77:[m[K [01;35m[Kwarning: [m[Kunused parameter ‘[01m[Kflag[m[K’ [[01;35m[K-Wunused-parameter[m[K]
[5.179s]    67 |     u_result RPlidarDriver::connect(const char *path, _u32 portOrBaud, [01;35m[K_u32 flag[m[K)
[5.179s]       |                                                                        [01;35m[K~~~~~^~~~[m[K
[5.179s] [01m[K/home/mike/Documents/slam/sllidar_ros2/sdk/src/rplidar_driver.cpp:[m[K In member function ‘[01m[Ku_result rp::standalone::rplidar::RPlidarDriver::reset(_u32)[m[K’:
[5.180s] [01m[K/home/mike/Documents/slam/sllidar_ros2/sdk/src/rplidar_driver.cpp:101:40:[m[K [01;35m[Kwarning: [m[Kunused parameter ‘[01m[Ktimeout[m[K’ [[01;35m[K-Wunused-parameter[m[K]
[5.180s]   101 |     u_result RPlidarDriver::reset([01;35m[K_u32 timeout[m[K)
[5.180s]       |                                   [01;35m[K~~~~~^~~~~~~[m[K
[5.184s] [01m[K/home/mike/Documents/slam/sllidar_ros2/sdk/src/rplidar_driver.cpp:[m[K In member function ‘[01m[Ku_result rp::standalone::rplidar::RPlidarDriver::getScanDataWithInterval(rplidar_response_measurement_node_t*, size_t&)[m[K’:
[5.184s] [01m[K/home/mike/Documents/slam/sllidar_ros2/sdk/src/rplidar_driver.cpp:175:91:[m[K [01;35m[Kwarning: [m[Kunused parameter ‘[01m[Knodebuffer[m[K’ [[01;35m[K-Wunused-parameter[m[K]
[5.184s]   175 |     u_result RPlidarDriver::getScanDataWithInterval([01;35m[Krplidar_response_measurement_node_t * nodebuffer[m[K, size_t & count)
[5.184s]       |                                                     [01;35m[K~~~~~~~~~~~~~~~~~~~~~~~~~~~~~~~~~~~~~~^~~~~~~~~~[m[K
[5.185s] [01m[K/home/mike/Documents/slam/sllidar_ros2/sdk/src/rplidar_driver.cpp:175:112:[m[K [01;35m[Kwarning: [m[Kunused parameter ‘[01m[Kcount[m[K’ [[01;35m[K-Wunused-parameter[m[K]
[5.185s]   175 |     u_result RPlidarDriver::getScanDataWithInterval(rplidar_response_measurement_node_t * nodebuffer, [01;35m[Ksize_t & count[m[K)
[5.185s]       |                                                                                                       [01;35m[K~~~~~~~~~^~~~~[m[K
[5.316s] [ 71%] [32mBuilding CXX object CMakeFiles/sllidar_node.dir/sdk/src/sl_serial_channel.cpp.o[0m
[5.326s] [01m[K/home/mike/Documents/slam/sllidar_ros2/sdk/src/sl_serial_channel.cpp:33:9:[m[K [01;35m[Kwarning: [m[K#pragma once in main file
[5.326s]    33 | #pragma [01;35m[Konce[m[K
[5.326s]       |         [01;35m[K^~~~[m[K
[5.405s] In file included from [01m[K/home/mike/Documents/slam/sllidar_ros2/./sdk/include/rplidar_protocol.h:36[m[K,
[5.405s]                  from [01m[K/home/mike/Documents/slam/sllidar_ros2/./sdk/include/rplidar.h:39[m[K,
[5.405s]                  from [01m[K/home/mike/Documents/slam/sllidar_ros2/sdk/src/sdkcommon.h:49[m[K,
[5.405s]                  from [01m[K/home/mike/Documents/slam/sllidar_ros2/sdk/src/sl_lidar_driver.cpp:33[m[K:
[5.406s] [01m[K/home/mike/Documents/slam/sllidar_ros2/./sdk/include/sl_lidar_protocol.h:58:16:[m[K [01;35m[Kwarning: [m[KISO C++ forbids zero-size array ‘[01m[Kdata[m[K’ [[01;35m[K-Wpedantic[m[K]
[5.406s]    58 |     sl_u8 data[[01;35m[K0[m[K];
[5.406s]       |                [01;35m[K^[m[K
[5.406s] In file included from [01m[K/home/mike/Documents/slam/sllidar_ros2/./sdk/include/rplidar_cmd.h:36[m[K,
[5.406s]                  from [01m[K/home/mike/Documents/slam/sllidar_ros2/./sdk/include/rplidar.h:40[m[K,
[5.406s]                  from [01m[K/home/mike/Documents/slam/sllidar_ros2/sdk/src/sdkcommon.h:49[m[K,
[5.406s]                  from [01m[K/home/mike/Documents/slam/sllidar_ros2/sdk/src/sl_lidar_driver.cpp:33[m[K:
[5.407s] [01m[K/home/mike/Documents/slam/sllidar_ros2/./sdk/include/sl_lidar_cmd.h:295:20:[m[K [01;35m[Kwarning: [m[KISO C++ forbids zero-size array ‘[01m[Kpayload[m[K’ [[01;35m[K-Wpedantic[m[K]
[5.407s]   295 |     sl_u8  payload[[01;35m[K0[m[K];
[5.407s]       |                    [01;35m[K^[m[K
[5.563s] [01m[K/home/mike/Documents/slam/sllidar_ros2/sdk/src/sl_lidar_driver.cpp:[m[K In member function ‘[01m[Kvirtual sl_result sl::SlamtecLidarDriver::reset(sl_u32)[m[K’:
[5.563s] [01m[K/home/mike/Documents/slam/sllidar_ros2/sdk/src/sl_lidar_driver.cpp:273:32:[m[K [01;35m[Kwarning: [m[Kunused parameter ‘[01m[KtimeoutInMs[m[K’ [[01;35m[K-Wunused-parameter[m[K]
[5.563s]   273 |         sl_result reset([01;35m[Ksl_u32 timeoutInMs = DEFAULT_TIMEOUT[m[K)
[5.563s]       |                         [01;35m[K~~~~~~~^~~~~~~~~~~~~~~~~~~~~~~~~~~~~[m[K
[5.570s] [01m[K/home/mike/Documents/slam/sllidar_ros2/sdk/src/sl_lidar_driver.cpp:[m[K In member function ‘[01m[Kvirtual sl_result sl::SlamtecLidarDriver::getAllSupportedScanModes(std::vector<sl::LidarScanMode>&, sl_u32)[m[K’:
[5.570s] [01m[K/home/mike/Documents/slam/sllidar_ros2/sdk/src/sl_lidar_driver.cpp:286:89:[m[K [01;35m[Kwarning: [m[Kunused parameter ‘[01m[KtimeoutInMs[m[K’ [[01;35m[K-Wunused-parameter[m[K]
[5.570s]   286 |         sl_result getAllSupportedScanModes(std::vector<LidarScanMode>& outModes, [01;35m[Ksl_u32 timeoutInMs = DEFAULT_TIMEOUT[m[K)
[5.570s]       |                                                                                  [01;35m[K~~~~~~~^~~~~~~~~~~~~~~~~~~~~~~~~~~~~[m[K
[5.570s] [01m[K/home/mike/Documents/slam/sllidar_ros2/sdk/src/sl_lidar_driver.cpp:[m[K In member function ‘[01m[Kvirtual sl_result sl::SlamtecLidarDriver::startScan(bool, bool, sl_u32, sl::LidarScanMode*)[m[K’:
[5.571s] [01m[K/home/mike/Documents/slam/sllidar_ros2/sdk/src/sl_lidar_driver.cpp:347:69:[m[K [01;35m[Kwarning: [m[Kunused parameter ‘[01m[Koptions[m[K’ [[01;35m[K-Wunused-parameter[m[K]
[5.571s]   347 |         sl_result startScan(bool force, bool useTypicalScan, [01;35m[Ksl_u32 options = 0[m[K, LidarScanMode* outUsedScanMode = nullptr)
[5.571s]       |                                                              [01;35m[K~~~~~~~^~~~~~~~~~~[m[K
[5.574s] [01m[K/home/mike/Documents/slam/sllidar_ros2/sdk/src/sl_lidar_driver.cpp:[m[K In member function ‘[01m[Kvirtual sl_result sl::SlamtecLidarDriver::stop(sl_u32)[m[K’:
[5.575s] [01m[K/home/mike/Documents/slam/sllidar_ros2/sdk/src/sl_lidar_driver.cpp:534:31:[m[K [01;35m[Kwarning: [m[Kunused parameter ‘[01m[Ktimeout[m[K’ [[01;35m[K-Wunused-parameter[m[K]
[5.575s]   534 |         sl_result stop([01;35m[Ksl_u32 timeout = DEFAULT_TIMEOUT[m[K)
[5.575s]       |                        [01;35m[K~~~~~~~^~~~~~~~~~~~~~~~~~~~~~~~~[m[K
[5.576s] [01m[K/home/mike/Documents/slam/sllidar_ros2/sdk/src/sl_lidar_driver.cpp:[m[K In member function ‘[01m[Kvirtual sl_result sl::SlamtecLidarDriver::getDeviceInfo(sl_lidar_response_device_info_t&, sl_u32)[m[K’:
[5.576s] [01m[K/home/mike/Documents/slam/sllidar_ros2/sdk/src/sl_lidar_driver.cpp:579:79:[m[K [01;35m[Kwarning: [m[Kunused parameter ‘[01m[Ktimeout[m[K’ [[01;35m[K-Wunused-parameter[m[K]
[5.576s]   579 |         sl_result getDeviceInfo(sl_lidar_response_device_info_t& info, [01;35m[Ksl_u32 timeout = DEFAULT_TIMEOUT[m[K)
[5.576s]       |                                                                        [01;35m[K~~~~~~~^~~~~~~~~~~~~~~~~~~~~~~~~[m[K
[5.577s] [01m[K/home/mike/Documents/slam/sllidar_ros2/sdk/src/sl_lidar_driver.cpp:[m[K In member function ‘[01m[Kvirtual sl_result sl::SlamtecLidarDriver::checkMotorCtrlSupport(sl::MotorCtrlSupport&, sl_u32)[m[K’:
[5.577s] [01m[K/home/mike/Documents/slam/sllidar_ros2/sdk/src/sl_lidar_driver.cpp:592:76:[m[K [01;35m[Kwarning: [m[Kunused parameter ‘[01m[Ktimeout[m[K’ [[01;35m[K-Wunused-parameter[m[K]
[5.577s]   592 |         sl_result checkMotorCtrlSupport(MotorCtrlSupport & support, [01;35m[Ksl_u32 timeout = DEFAULT_TIMEOUT[m[K)
[5.577s]       |                                                                     [01;35m[K~~~~~~~^~~~~~~~~~~~~~~~~~~~~~~~~[m[K
[5.578s] [01m[K/home/mike/Documents/slam/sllidar_ros2/sdk/src/sl_lidar_driver.cpp:[m[K In member function ‘[01m[Kvirtual sl_result sl::SlamtecLidarDriver::getFrequency(const sl::LidarScanMode&, const sl_lidar_response_measurement_node_hq_t*, size_t, float&)[m[K’:
[5.578s] [01m[K/home/mike/Documents/slam/sllidar_ros2/sdk/src/sl_lidar_driver.cpp:627:110:[m[K [01;35m[Kwarning: [m[Kunused parameter ‘[01m[Knodes[m[K’ [[01;35m[K-Wunused-parameter[m[K]
[5.578s]   627 |         sl_result getFrequency(const LidarScanMode& scanMode, [01;35m[Kconst sl_lidar_response_measurement_node_hq_t* nodes[m[K, size_t count, float& frequency)
[5.581s]       |                                                               [01;35m[K~~~~~~~~~~~~~~~~~~~~~~~~~~~~~~~~~~~~~~~~~~~~~~~^~~~~[m[K
[5.581s] [01m[K/home/mike/Documents/slam/sllidar_ros2/sdk/src/sl_lidar_driver.cpp:[m[K In member function ‘[01m[Kvirtual sl_result sl::SlamtecLidarDriver::getHealth(sl_lidar_response_device_health_t&, sl_u32)[m[K’:
[5.581s] [01m[K/home/mike/Documents/slam/sllidar_ros2/sdk/src/sl_lidar_driver.cpp:640:79:[m[K [01;35m[Kwarning: [m[Kunused parameter ‘[01m[Ktimeout[m[K’ [[01;35m[K-Wunused-parameter[m[K]
[5.582s]   640 |         sl_result getHealth(sl_lidar_response_device_health_t& health, [01;35m[Ksl_u32 timeout = DEFAULT_TIMEOUT[m[K)
[5.582s]       |                                                                        [01;35m[K~~~~~~~^~~~~~~~~~~~~~~~~~~~~~~~~[m[K
[5.583s] [01m[K/home/mike/Documents/slam/sllidar_ros2/sdk/src/sl_lidar_driver.cpp:[m[K In member function ‘[01m[Kvirtual sl_result sl::SlamtecLidarDriver::getMotorInfo(sl::LidarMotorInfo&, sl_u32)[m[K’:
[5.583s] [01m[K/home/mike/Documents/slam/sllidar_ros2/sdk/src/sl_lidar_driver.cpp:730:66:[m[K [01;35m[Kwarning: [m[Kunused parameter ‘[01m[KtimeoutInMs[m[K’ [[01;35m[K-Wunused-parameter[m[K]
[5.583s]   730 |         sl_result getMotorInfo(LidarMotorInfo &motorInfo, [01;35m[Ksl_u32 timeoutInMs[m[K)
[5.584s]       |                                                           [01;35m[K~~~~~~~^~~~~~~~~~~[m[K
[5.594s] [01m[K/home/mike/Documents/slam/sllidar_ros2/sdk/src/sl_lidar_driver.cpp:[m[K In member function ‘[01m[Ksl_result sl::SlamtecLidarDriver::_sendCommand(sl_u16, const void*, size_t)[m[K’:
[5.594s] [01m[K/home/mike/Documents/slam/sllidar_ros2/sdk/src/sl_lidar_driver.cpp:1089:35:[m[K [01;35m[Kwarning: [m[Kcomparison of integer expressions of different signedness: ‘[01m[Kint[m[K’ and ‘[01m[Kstd::vector<unsigned char>::size_type[m[K’ {aka ‘[01m[Klong unsigned int[m[K’} [[01;35m[K-Wsign-compare[m[K]
[5.594s]  1089 |             for (int pos = 0; [01;35m[Kpos < cmd_packet.size()[m[K; pos++) {
[5.594s]       |                               [01;35m[K~~~~^~~~~~~~~~~~~~~~~~~[m[K
[5.594s] [01m[K/home/mike/Documents/slam/sllidar_ros2/sdk/src/sl_lidar_driver.cpp:1058:19:[m[K [01;35m[Kwarning: [m[Kunused variable ‘[01m[Kpkt_header[m[K’ [[01;35m[K-Wunused-variable[m[K]
[5.594s]  1058 |             sl_u8 [01;35m[Kpkt_header[m[K[10];
[5.594s]       |                   [01;35m[K^~~~~~~~~~[m[K
[5.599s] [01m[K/home/mike/Documents/slam/sllidar_ros2/sdk/src/sl_lidar_driver.cpp:[m[K In member function ‘[01m[Kvoid sl::SlamtecLidarDriver::_ultraCapsuleToNormal(const sl_lidar_response_ultra_capsule_measurement_nodes_t&, sl_lidar_response_measurement_node_hq_t*, size_t&)[m[K’:
[5.600s] [01m[K/home/mike/Documents/slam/sllidar_ros2/sdk/src/sl_lidar_driver.cpp:1370:40:[m[K [01;35m[Kwarning: [m[Kcomparison of integer expressions of different signedness: ‘[01m[Kint[m[K’ and ‘[01m[Kunsigned int[m[K’ [[01;35m[K-Wsign-compare[m[K]
[5.600s]  1370 |                     if (([01;35m[Kdist_predict1 == 0xFFFFFE00[m[K) || (dist_predict1 == 0x1FF)) {
[5.600s]       |                          [01;35m[K~~~~~~~~~~~~~~^~~~~~~~~~~~~[m[K
[5.600s] [01m[K/home/mike/Documents/slam/sllidar_ros2/sdk/src/sl_lidar_driver.cpp:1379:40:[m[K [01;35m[Kwarning: [m[Kcomparison of integer expressions of different signedness: ‘[01m[Kint[m[K’ and ‘[01m[Kunsigned int[m[K’ [[01;35m[K-Wsign-compare[m[K]
[5.600s]  1379 |                     if (([01;35m[Kdist_predict2 == 0xFFFFFE00[m[K) || (dist_predict2 == 0x1FF)) {
[5.600s]       |                          [01;35m[K~~~~~~~~~~~~~~^~~~~~~~~~~~~[m[K
[5.603s] [01m[K/home/mike/Documents/slam/sllidar_ros2/sdk/src/sl_lidar_driver.cpp:[m[K In member function ‘[01m[Kvoid sl::SlamtecLidarDriver::_dense_capsuleToNormal(const sl_lidar_response_capsule_measurement_nodes_t&, sl_lidar_response_measurement_node_hq_t*, size_t&)[m[K’:
[5.603s] [01m[K/home/mike/Documents/slam/sllidar_ros2/sdk/src/sl_lidar_driver.cpp:1577:116:[m[K [01;35m[Kwarning: [m[Ktype qualifiers ignored on cast result type [[01;35m[K-Wignored-qualifiers[m[K]
[5.603s]  1577 |                     const int dist = static_cast<const int>(_cached_previous_dense_capsuledata.cabins[pos].distance[01;35m[K)[m[K;
[5.603s]       |                                                                                                                    [01;35m[K^[m[K
[5.693s] In file included from [01m[K/home/mike/Documents/slam/sllidar_ros2/./sdk/include/sl_lidar_cmd.h:36[m[K,
[5.693s]                  from [01m[K/home/mike/Documents/slam/sllidar_ros2/./sdk/include/sl_lidar_driver.h:54[m[K,
[5.693s]                  from [01m[K/home/mike/Documents/slam/sllidar_ros2/sdk/src/sl_serial_channel.cpp:34[m[K:
[5.694s] [01m[K/home/mike/Documents/slam/sllidar_ros2/./sdk/include/sl_lidar_protocol.h:58:16:[m[K [01;35m[Kwarning: [m[KISO C++ forbids zero-size array ‘[01m[Kdata[m[K’ [[01;35m[K-Wpedantic[m[K]
[5.694s]    58 |     sl_u8 data[[01;35m[K0[m[K];
[5.694s]       |                [01;35m[K^[m[K
[5.694s] In file included from [01m[K/home/mike/Documents/slam/sllidar_ros2/./sdk/include/sl_lidar_driver.h:54[m[K,
[5.694s]                  from [01m[K/home/mike/Documents/slam/sllidar_ros2/sdk/src/sl_serial_channel.cpp:34[m[K:
[5.694s] [01m[K/home/mike/Documents/slam/sllidar_ros2/./sdk/include/sl_lidar_cmd.h:295:20:[m[K [01;35m[Kwarning: [m[KISO C++ forbids zero-size array ‘[01m[Kpayload[m[K’ [[01;35m[K-Wpedantic[m[K]
[5.694s]   295 |     sl_u8  payload[[01;35m[K0[m[K];
[5.694s]       |                    [01;35m[K^[m[K
[5.763s] [01m[K/home/mike/Documents/slam/sllidar_ros2/sdk/src/sl_lidar_driver.cpp:[m[K At global scope:
[5.763s] [01m[K/home/mike/Documents/slam/sllidar_ros2/sdk/src/sl_lidar_driver.cpp:72:17:[m[K [01;35m[Kwarning: [m[K‘[01m[Kvoid sl::convert(const sl_lidar_response_measurement_node_hq_t&, sl_lidar_response_measurement_node_t&)[m[K’ defined but not used [[01;35m[K-Wunused-function[m[K]
[5.763s]    72 |     static void [01;35m[Kconvert[m[K(const sl_lidar_response_measurement_node_hq_t& from, sl_lidar_response_measurement_node_t& to)
[5.763s]       |                 [01;35m[K^~~~~~~[m[K
[5.763s] [01m[K/home/mike/Documents/slam/sllidar_ros2/sdk/src/sl_lidar_driver.cpp:59:17:[m[K [01;35m[Kwarning: [m[K‘[01m[Kvoid sl::printDeprecationWarn(const char*, const char*)[m[K’ defined but not used [[01;35m[K-Wunused-function[m[K]
[5.763s]    59 |     static void [01;35m[KprintDeprecationWarn[m[K(const char* fn, const char* replacement)
[5.763s]       |                 [01;35m[K^~~~~~~~~~~~~~~~~~~~[m[K
[5.817s] [ 78%] [32mBuilding CXX object CMakeFiles/sllidar_node.dir/sdk/src/sl_tcp_channel.cpp.o[0m
[5.827s] [01m[K/home/mike/Documents/slam/sllidar_ros2/sdk/src/sl_tcp_channel.cpp:33:9:[m[K [01;35m[Kwarning: [m[K#pragma once in main file
[5.827s]    33 | #pragma [01;35m[Konce[m[K
[5.827s]       |         [01;35m[K^~~~[m[K
[6.009s] In file included from [01m[K/home/mike/Documents/slam/sllidar_ros2/./sdk/include/sl_lidar_cmd.h:36[m[K,
[6.009s]                  from [01m[K/home/mike/Documents/slam/sllidar_ros2/./sdk/include/sl_lidar_driver.h:54[m[K,
[6.009s]                  from [01m[K/home/mike/Documents/slam/sllidar_ros2/./sdk/include/sl_lidar.h:36[m[K,
[6.009s]                  from [01m[K/home/mike/Documents/slam/sllidar_ros2/src/sllidar_node.cpp:38[m[K:
[6.010s] [01m[K/home/mike/Documents/slam/sllidar_ros2/./sdk/include/sl_lidar_protocol.h:58:16:[m[K [01;35m[Kwarning: [m[KISO C++ forbids zero-size array ‘[01m[Kdata[m[K’ [[01;35m[K-Wpedantic[m[K]
[6.010s]    58 |     sl_u8 data[[01;35m[K0[m[K];
[6.010s]       |                [01;35m[K^[m[K
[6.010s] In file included from [01m[K/home/mike/Documents/slam/sllidar_ros2/./sdk/include/sl_lidar_driver.h:54[m[K,
[6.010s]                  from [01m[K/home/mike/Documents/slam/sllidar_ros2/./sdk/include/sl_lidar.h:36[m[K,
[6.010s]                  from [01m[K/home/mike/Documents/slam/sllidar_ros2/src/sllidar_node.cpp:38[m[K:
[6.011s] [01m[K/home/mike/Documents/slam/sllidar_ros2/./sdk/include/sl_lidar_cmd.h:295:20:[m[K [01;35m[Kwarning: [m[KISO C++ forbids zero-size array ‘[01m[Kpayload[m[K’ [[01;35m[K-Wpedantic[m[K]
[6.011s]   295 |     sl_u8  payload[[01;35m[K0[m[K];
[6.011s]       |                    [01;35m[K^[m[K
[6.163s] In file included from [01m[K/home/mike/Documents/slam/sllidar_ros2/./sdk/include/sl_lidar_cmd.h:36[m[K,
[6.163s]                  from [01m[K/home/mike/Documents/slam/sllidar_ros2/./sdk/include/sl_lidar_driver.h:54[m[K,
[6.163s]                  from [01m[K/home/mike/Documents/slam/sllidar_ros2/sdk/src/sl_tcp_channel.cpp:34[m[K:
[6.163s] [01m[K/home/mike/Documents/slam/sllidar_ros2/./sdk/include/sl_lidar_protocol.h:58:16:[m[K [01;35m[Kwarning: [m[KISO C++ forbids zero-size array ‘[01m[Kdata[m[K’ [[01;35m[K-Wpedantic[m[K]
[6.164s]    58 |     sl_u8 data[[01;35m[K0[m[K];
[6.164s]       |                [01;35m[K^[m[K
[6.164s] In file included from [01m[K/home/mike/Documents/slam/sllidar_ros2/./sdk/include/sl_lidar_driver.h:54[m[K,
[6.164s]                  from [01m[K/home/mike/Documents/slam/sllidar_ros2/sdk/src/sl_tcp_channel.cpp:34[m[K:
[6.164s] [01m[K/home/mike/Documents/slam/sllidar_ros2/./sdk/include/sl_lidar_cmd.h:295:20:[m[K [01;35m[Kwarning: [m[KISO C++ forbids zero-size array ‘[01m[Kpayload[m[K’ [[01;35m[K-Wpedantic[m[K]
[6.164s]   295 |     sl_u8  payload[[01;35m[K0[m[K];
[6.164s]       |                    [01;35m[K^[m[K
[6.169s] [01m[K/home/mike/Documents/slam/sllidar_ros2/sdk/src/sl_tcp_channel.cpp:[m[K In member function ‘[01m[Kvoid sl::TcpChannel::setStatus(_u32)[m[K’:
[6.169s] [01m[K/home/mike/Documents/slam/sllidar_ros2/sdk/src/sl_tcp_channel.cpp:95:29:[m[K [01;35m[Kwarning: [m[Kunused parameter ‘[01m[Kflag[m[K’ [[01;35m[K-Wunused-parameter[m[K]
[6.169s]    95 |         void setStatus([01;35m[K_u32 flag[m[K){}
[6.169s]       |                        [01;35m[K~~~~~^~~~[m[K
[6.182s] [ 85%] [32mBuilding CXX object CMakeFiles/sllidar_node.dir/sdk/src/sl_udp_channel.cpp.o[0m
[6.192s] [01m[K/home/mike/Documents/slam/sllidar_ros2/sdk/src/sl_udp_channel.cpp:33:9:[m[K [01;35m[Kwarning: [m[K#pragma once in main file
[6.193s]    33 | #pragma [01;35m[Konce[m[K
[6.193s]       |         [01;35m[K^~~~[m[K
[6.445s] In file included from [01m[K/home/mike/Documents/slam/sllidar_ros2/./sdk/include/sl_lidar_cmd.h:36[m[K,
[6.445s]                  from [01m[K/home/mike/Documents/slam/sllidar_ros2/./sdk/include/sl_lidar_driver.h:54[m[K,
[6.446s]                  from [01m[K/home/mike/Documents/slam/sllidar_ros2/sdk/src/sl_udp_channel.cpp:34[m[K:
[6.446s] [01m[K/home/mike/Documents/slam/sllidar_ros2/./sdk/include/sl_lidar_protocol.h:58:16:[m[K [01;35m[Kwarning: [m[KISO C++ forbids zero-size array ‘[01m[Kdata[m[K’ [[01;35m[K-Wpedantic[m[K]
[6.446s]    58 |     sl_u8 data[[01;35m[K0[m[K];
[6.446s]       |                [01;35m[K^[m[K
[6.446s] In file included from [01m[K/home/mike/Documents/slam/sllidar_ros2/./sdk/include/sl_lidar_driver.h:54[m[K,
[6.447s]                  from [01m[K/home/mike/Documents/slam/sllidar_ros2/sdk/src/sl_udp_channel.cpp:34[m[K:
[6.447s] [01m[K/home/mike/Documents/slam/sllidar_ros2/./sdk/include/sl_lidar_cmd.h:295:20:[m[K [01;35m[Kwarning: [m[KISO C++ forbids zero-size array ‘[01m[Kpayload[m[K’ [[01;35m[K-Wpedantic[m[K]
[6.447s]   295 |     sl_u8  payload[[01;35m[K0[m[K];
[6.447s]       |                    [01;35m[K^[m[K
[6.451s] [01m[K/home/mike/Documents/slam/sllidar_ros2/sdk/src/sl_udp_channel.cpp:[m[K In member function ‘[01m[Kvoid sl::UdpChannel::setStatus(_u32)[m[K’:
[6.451s] [01m[K/home/mike/Documents/slam/sllidar_ros2/sdk/src/sl_udp_channel.cpp:103:29:[m[K [01;35m[Kwarning: [m[Kunused parameter ‘[01m[Kflag[m[K’ [[01;35m[K-Wunused-parameter[m[K]
[6.451s]   103 |         void setStatus([01;35m[K_u32 flag[m[K){}
[6.451s]       |                        [01;35m[K~~~~~^~~~[m[K
[7.517s] [01m[K/home/mike/Documents/slam/sllidar_ros2/src/sllidar_node.cpp:[m[K In member function ‘[01m[Kbool SLlidarNode::checkSLLIDARHealth(sl::ILidarDriver*)[m[K’:
[7.517s] [01m[K/home/mike/Documents/slam/sllidar_ros2/src/sllidar_node.cpp:147:5:[m[K [01;35m[Kwarning: [m[Kcontrol reaches end of non-void function [[01;35m[K-Wreturn-type[m[K]
[7.517s]   147 |     [01;35m[K}[m[K
[7.518s]       |     [01;35m[K^[m[K
[9.389s] [ 92%] [32m[1mLinking CXX executable sllidar_node[0m
[9.730s] [ 92%] Built target sllidar_node
[11.049s] [100%] [32m[1mLinking CXX executable sllidar_client[0m
[11.376s] [100%] Built target sllidar_client
[11.389s] Invoked command in '/home/mike/Documents/slam/sllidar_ros2/build/sllidar_ros2' returned '0': CMAKE_PREFIX_PATH=/opt/ros/foxy /usr/bin/cmake --build /home/mike/Documents/slam/sllidar_ros2/build/sllidar_ros2 -- -j4 -l4
[11.456s] Invoking command in '/home/mike/Documents/slam/sllidar_ros2/build/sllidar_ros2': CMAKE_PREFIX_PATH=/opt/ros/foxy /usr/bin/cmake --install /home/mike/Documents/slam/sllidar_ros2/build/sllidar_ros2
[11.468s] -- Install configuration: ""
[11.468s] -- Installing: /home/mike/Documents/slam/sllidar_ros2/install/sllidar_ros2/share/sllidar_ros2/launch
[11.469s] -- Installing: /home/mike/Documents/slam/sllidar_ros2/install/sllidar_ros2/share/sllidar_ros2/launch/sllidar_launch.py
[11.469s] -- Installing: /home/mike/Documents/slam/sllidar_ros2/install/sllidar_ros2/share/sllidar_ros2/launch/view_sllidar_a3_launch.py
[11.469s] -- Installing: /home/mike/Documents/slam/sllidar_ros2/install/sllidar_ros2/share/sllidar_ros2/launch/view_sllidar_s2_launch.py
[11.469s] -- Installing: /home/mike/Documents/slam/sllidar_ros2/install/sllidar_ros2/share/sllidar_ros2/launch/sllidar_s1_tcp_launch.py
[11.469s] -- Installing: /home/mike/Documents/slam/sllidar_ros2/install/sllidar_ros2/share/sllidar_ros2/launch/view_sllidar_s1_tcp_launch.py
[11.470s] -- Installing: /home/mike/Documents/slam/sllidar_ros2/install/sllidar_ros2/share/sllidar_ros2/launch/sllidar_t1_launch.py
[11.470s] -- Installing: /home/mike/Documents/slam/sllidar_ros2/install/sllidar_ros2/share/sllidar_ros2/launch/sllidar_a3_launch.py
[11.470s] -- Installing: /home/mike/Documents/slam/sllidar_ros2/install/sllidar_ros2/share/sllidar_ros2/launch/sllidar_s1_launch.py
[11.470s] -- Installing: /home/mike/Documents/slam/sllidar_ros2/install/sllidar_ros2/share/sllidar_ros2/launch/view_sllidar_launch.py
[11.470s] -- Installing: /home/mike/Documents/slam/sllidar_ros2/install/sllidar_ros2/share/sllidar_ros2/launch/view_sllidar_s1_launch.py
[11.470s] -- Installing: /home/mike/Documents/slam/sllidar_ros2/install/sllidar_ros2/share/sllidar_ros2/launch/sllidar_s2_launch.py
[11.471s] -- Installing: /home/mike/Documents/slam/sllidar_ros2/install/sllidar_ros2/share/sllidar_ros2/launch/view_sllidar_t1_launch.py
[11.471s] -- Installing: /home/mike/Documents/slam/sllidar_ros2/install/sllidar_ros2/share/sllidar_ros2/rviz
[11.471s] -- Installing: /home/mike/Documents/slam/sllidar_ros2/install/sllidar_ros2/share/sllidar_ros2/rviz/sllidar_ros2.rviz
[11.471s] -- Installing: /home/mike/Documents/slam/sllidar_ros2/install/sllidar_ros2/lib/sllidar_ros2/sllidar_node
[11.472s] -- Set runtime path of "/home/mike/Documents/slam/sllidar_ros2/install/sllidar_ros2/lib/sllidar_ros2/sllidar_node" to ""
[11.472s] -- Installing: /home/mike/Documents/slam/sllidar_ros2/install/sllidar_ros2/lib/sllidar_ros2/sllidar_client
[11.475s] -- Set runtime path of "/home/mike/Documents/slam/sllidar_ros2/install/sllidar_ros2/lib/sllidar_ros2/sllidar_client" to ""
[11.475s] -- Installing: /home/mike/Documents/slam/sllidar_ros2/install/sllidar_ros2/share/ament_index/resource_index/package_run_dependencies/sllidar_ros2
[11.476s] -- Installing: /home/mike/Documents/slam/sllidar_ros2/install/sllidar_ros2/share/ament_index/resource_index/parent_prefix_path/sllidar_ros2
[11.476s] -- Installing: /home/mike/Documents/slam/sllidar_ros2/install/sllidar_ros2/share/sllidar_ros2/environment/ament_prefix_path.sh
[11.476s] -- Installing: /home/mike/Documents/slam/sllidar_ros2/install/sllidar_ros2/share/sllidar_ros2/environment/ament_prefix_path.dsv
[11.476s] -- Installing: /home/mike/Documents/slam/sllidar_ros2/install/sllidar_ros2/share/sllidar_ros2/environment/path.sh
[11.477s] -- Installing: /home/mike/Documents/slam/sllidar_ros2/install/sllidar_ros2/share/sllidar_ros2/environment/path.dsv
[11.477s] -- Installing: /home/mike/Documents/slam/sllidar_ros2/install/sllidar_ros2/share/sllidar_ros2/local_setup.bash
[11.477s] -- Installing: /home/mike/Documents/slam/sllidar_ros2/install/sllidar_ros2/share/sllidar_ros2/local_setup.sh
[11.477s] -- Installing: /home/mike/Documents/slam/sllidar_ros2/install/sllidar_ros2/share/sllidar_ros2/local_setup.zsh
[11.478s] -- Installing: /home/mike/Documents/slam/sllidar_ros2/install/sllidar_ros2/share/sllidar_ros2/local_setup.dsv
[11.478s] -- Installing: /home/mike/Documents/slam/sllidar_ros2/install/sllidar_ros2/share/sllidar_ros2/package.dsv
[11.478s] -- Installing: /home/mike/Documents/slam/sllidar_ros2/install/sllidar_ros2/share/ament_index/resource_index/packages/sllidar_ros2
[11.478s] -- Installing: /home/mike/Documents/slam/sllidar_ros2/install/sllidar_ros2/share/sllidar_ros2/cmake/ament_cmake_export_dependencies-extras.cmake
[11.478s] -- Installing: /home/mike/Documents/slam/sllidar_ros2/install/sllidar_ros2/share/sllidar_ros2/cmake/ament_cmake_export_include_directories-extras.cmake
[11.479s] -- Installing: /home/mike/Documents/slam/sllidar_ros2/install/sllidar_ros2/share/sllidar_ros2/cmake/sllidar_ros2Config.cmake
[11.479s] -- Installing: /home/mike/Documents/slam/sllidar_ros2/install/sllidar_ros2/share/sllidar_ros2/cmake/sllidar_ros2Config-version.cmake
[11.479s] -- Installing: /home/mike/Documents/slam/sllidar_ros2/install/sllidar_ros2/share/sllidar_ros2/package.xml
[11.483s] Invoked command in '/home/mike/Documents/slam/sllidar_ros2/build/sllidar_ros2' returned '0': CMAKE_PREFIX_PATH=/opt/ros/foxy /usr/bin/cmake --install /home/mike/Documents/slam/sllidar_ros2/build/sllidar_ros2
