[0.025s] Invoking command in '/home/mike/Documents/slam/sllidar_ros2/build/sllidar_ros2': CMAKE_PREFIX_PATH=${CMAKE_PREFIX_PATH}:/opt/ros/foxy /usr/bin/cmake --build /home/mike/Documents/slam/sllidar_ros2/build/sllidar_ros2 -- -j4 -l4
[0.121s] [ 14%] Built target sllidar_client
[0.123s] [100%] Built target sllidar_node
[0.140s] Invoked command in '/home/mike/Documents/slam/sllidar_ros2/build/sllidar_ros2' returned '0': CMAKE_PREFIX_PATH=${CMAKE_PREFIX_PATH}:/opt/ros/foxy /usr/bin/cmake --build /home/mike/Documents/slam/sllidar_ros2/build/sllidar_ros2 -- -j4 -l4
[0.212s] Invoking command in '/home/mike/Documents/slam/sllidar_ros2/build/sllidar_ros2': CMAKE_PREFIX_PATH=${CMAKE_PREFIX_PATH}:/opt/ros/foxy /usr/bin/cmake --install /home/mike/Documents/slam/sllidar_ros2/build/sllidar_ros2
[0.227s] -- Install configuration: ""
[0.227s] -- Up-to-date: /home/mike/Documents/slam/sllidar_ros2/install/sllidar_ros2/share/sllidar_ros2/launch
[0.227s] -- Up-to-date: /home/mike/Documents/slam/sllidar_ros2/install/sllidar_ros2/share/sllidar_ros2/launch/sllidar_launch.py
[0.228s] -- Up-to-date: /home/mike/Documents/slam/sllidar_ros2/install/sllidar_ros2/share/sllidar_ros2/launch/view_sllidar_a3_launch.py
[0.228s] -- Up-to-date: /home/mike/Documents/slam/sllidar_ros2/install/sllidar_ros2/share/sllidar_ros2/launch/view_sllidar_s2_launch.py
[0.229s] -- Up-to-date: /home/mike/Documents/slam/sllidar_ros2/install/sllidar_ros2/share/sllidar_ros2/launch/sllidar_s1_tcp_launch.py
[0.230s] -- Up-to-date: /home/mike/Documents/slam/sllidar_ros2/install/sllidar_ros2/share/sllidar_ros2/launch/view_sllidar_s1_tcp_launch.py
[0.230s] -- Up-to-date: /home/mike/Documents/slam/sllidar_ros2/install/sllidar_ros2/share/sllidar_ros2/launch/sllidar_t1_launch.py
[0.231s] -- Up-to-date: /home/mike/Documents/slam/sllidar_ros2/install/sllidar_ros2/share/sllidar_ros2/launch/sllidar_a3_launch.py
[0.231s] -- Up-to-date: /home/mike/Documents/slam/sllidar_ros2/install/sllidar_ros2/share/sllidar_ros2/launch/sllidar_s1_launch.py
[0.232s] -- Installing: /home/mike/Documents/slam/sllidar_ros2/install/sllidar_ros2/share/sllidar_ros2/launch/view_sllidar_launch.py
[0.232s] -- Up-to-date: /home/mike/Documents/slam/sllidar_ros2/install/sllidar_ros2/share/sllidar_ros2/launch/view_sllidar_s1_launch.py
[0.232s] -- Up-to-date: /home/mike/Documents/slam/sllidar_ros2/install/sllidar_ros2/share/sllidar_ros2/launch/sllidar_s2_launch.py
[0.233s] -- Up-to-date: /home/mike/Documents/slam/sllidar_ros2/install/sllidar_ros2/share/sllidar_ros2/launch/view_sllidar_t1_launch.py
[0.234s] -- Up-to-date: /home/mike/Documents/slam/sllidar_ros2/install/sllidar_ros2/share/sllidar_ros2/rviz
[0.237s] -- Up-to-date: /home/mike/Documents/slam/sllidar_ros2/install/sllidar_ros2/share/sllidar_ros2/rviz/sllidar_ros2.rviz
[0.237s] -- Up-to-date: /home/mike/Documents/slam/sllidar_ros2/install/sllidar_ros2/lib/sllidar_ros2/sllidar_node
[0.238s] -- Up-to-date: /home/mike/Documents/slam/sllidar_ros2/install/sllidar_ros2/lib/sllidar_ros2/sllidar_client
[0.238s] -- Up-to-date: /home/mike/Documents/slam/sllidar_ros2/install/sllidar_ros2/share/ament_index/resource_index/package_run_dependencies/sllidar_ros2
[0.238s] -- Up-to-date: /home/mike/Documents/slam/sllidar_ros2/install/sllidar_ros2/share/ament_index/resource_index/parent_prefix_path/sllidar_ros2
[0.238s] -- Up-to-date: /home/mike/Documents/slam/sllidar_ros2/install/sllidar_ros2/share/sllidar_ros2/environment/ament_prefix_path.sh
[0.239s] -- Up-to-date: /home/mike/Documents/slam/sllidar_ros2/install/sllidar_ros2/share/sllidar_ros2/environment/ament_prefix_path.dsv
[0.239s] -- Up-to-date: /home/mike/Documents/slam/sllidar_ros2/install/sllidar_ros2/share/sllidar_ros2/environment/path.sh
[0.239s] -- Up-to-date: /home/mike/Documents/slam/sllidar_ros2/install/sllidar_ros2/share/sllidar_ros2/environment/path.dsv
[0.240s] -- Up-to-date: /home/mike/Documents/slam/sllidar_ros2/install/sllidar_ros2/share/sllidar_ros2/local_setup.bash
[0.240s] -- Up-to-date: /home/mike/Documents/slam/sllidar_ros2/install/sllidar_ros2/share/sllidar_ros2/local_setup.sh
[0.240s] -- Up-to-date: /home/mike/Documents/slam/sllidar_ros2/install/sllidar_ros2/share/sllidar_ros2/local_setup.zsh
[0.241s] -- Up-to-date: /home/mike/Documents/slam/sllidar_ros2/install/sllidar_ros2/share/sllidar_ros2/local_setup.dsv
[0.241s] -- Installing: /home/mike/Documents/slam/sllidar_ros2/install/sllidar_ros2/share/sllidar_ros2/package.dsv
[0.241s] -- Up-to-date: /home/mike/Documents/slam/sllidar_ros2/install/sllidar_ros2/share/ament_index/resource_index/packages/sllidar_ros2
[0.241s] -- Up-to-date: /home/mike/Documents/slam/sllidar_ros2/install/sllidar_ros2/share/sllidar_ros2/cmake/ament_cmake_export_dependencies-extras.cmake
[0.242s] -- Up-to-date: /home/mike/Documents/slam/sllidar_ros2/install/sllidar_ros2/share/sllidar_ros2/cmake/ament_cmake_export_include_directories-extras.cmake
[0.242s] -- Up-to-date: /home/mike/Documents/slam/sllidar_ros2/install/sllidar_ros2/share/sllidar_ros2/cmake/sllidar_ros2Config.cmake
[0.242s] -- Up-to-date: /home/mike/Documents/slam/sllidar_ros2/install/sllidar_ros2/share/sllidar_ros2/cmake/sllidar_ros2Config-version.cmake
[0.242s] -- Up-to-date: /home/mike/Documents/slam/sllidar_ros2/install/sllidar_ros2/share/sllidar_ros2/package.xml
[0.243s] Invoked command in '/home/mike/Documents/slam/sllidar_ros2/build/sllidar_ros2' returned '0': CMAKE_PREFIX_PATH=${CMAKE_PREFIX_PATH}:/opt/ros/foxy /usr/bin/cmake --install /home/mike/Documents/slam/sllidar_ros2/build/sllidar_ros2
